{"timestamp": "2026-01-30T11:54:09.738081Z", "level": "INFO", "logger": "app.main", "message": "application_startup", "module": "main", "function": "startup_event", "line": 105}
{"timestamp": "2026-01-30T11:54:09.957110Z", "level": "INFO", "logger": "app.main", "message": "request_started", "module": "main", "function": "log_requests", "line": 45, "request_id": "c2b492dd-b7c7-48fa-937f-1a3584373951"}
{"timestamp": "2026-01-30T11:54:09.957110Z", "level": "INFO", "logger": "app.main", "message": "request_completed", "module": "main", "function": "log_requests", "line": 63, "request_id": "c2b492dd-b7c7-48fa-937f-1a3584373951", "latency_seconds": 0.0}
{"timestamp": "2026-01-30T11:54:10.214552Z", "level": "INFO", "logger": "app.main", "message": "request_started", "module": "main", "function": "log_requests", "line": 45, "request_id": "14904e62-499a-4069-80c0-0da40cdcf6c1"}
{"timestamp": "2026-01-30T11:54:10.252937Z", "level": "INFO", "logger": "app.main", "message": "request_completed", "module": "main", "function": "log_requests", "line": 63, "request_id": "14904e62-499a-4069-80c0-0da40cdcf6c1", "latency_seconds": 0.035}
{"timestamp": "2026-01-30T11:55:37.819868Z", "level": "INFO", "logger": "app.main", "message": "request_started", "module": "main", "function": "log_requests", "line": 45, "request_id": "19fe8ebd-b54d-405f-8a9a-cd2e152b476b"}
{"timestamp": "2026-01-30T11:55:38.930776Z", "level": "INFO", "logger": "app.main", "message": "request_completed", "module": "main", "function": "log_requests", "line": 63, "request_id": "19fe8ebd-b54d-405f-8a9a-cd2e152b476b", "latency_seconds": 1.104}
{"timestamp": "2026-01-30T11:56:49.711422Z", "level": "INFO", "logger": "app.main", "message": "request_started", "module": "main", "function": "log_requests", "line": 45, "request_id": "c3d79499-b9ee-4586-9fbd-0806147ddcff"}
{"timestamp": "2026-01-30T11:56:49.718856Z", "level": "INFO", "logger": "app.main", "message": "request_completed", "module": "main", "function": "log_requests", "line": 63, "request_id": "c3d79499-b9ee-4586-9fbd-0806147ddcff", "latency_seconds": 0.006}
{"timestamp": "2026-01-30T12:03:00.622799Z", "level": "INFO", "logger": "app.main", "message": "request_started", "module": "main", "function": "log_requests", "line": 45, "request_id": "7bdd9530-cf19-4bbe-8cc6-2d8e0b6673ab"}
{"timestamp": "2026-01-30T12:03:06.119472Z", "level": "INFO", "logger": "app.main", "message": "request_completed", "module": "main", "function": "log_requests", "line": 63, "request_id": "7bdd9530-cf19-4bbe-8cc6-2d8e0b6673ab", "latency_seconds": 5.496}
{"timestamp": "2026-01-30T12:06:06.445775Z", "level": "INFO", "logger": "app.main", "message": "request_started", "module": "main", "function": "log_requests", "line": 45, "request_id": "cd9f60fe-d631-46fe-b483-4b9ff968a65b"}
{"timestamp": "2026-01-30T12:06:06.454623Z", "level": "INFO", "logger": "app.main", "message": "request_completed", "module": "main", "function": "log_requests", "line": 63, "request_id": "cd9f60fe-d631-46fe-b483-4b9ff968a65b", "latency_seconds": 0.009}
{"timestamp": "2026-01-30T12:06:38.695335Z", "level": "INFO", "logger": "app.main", "message": "request_started", "module": "main", "function": "log_requests", "line": 45, "request_id": "cb583df6-882b-4fd7-a358-affadf7379f9"}
{"timestamp": "2026-01-30T12:06:42.327226Z", "level": "INFO", "logger": "app.main", "message": "request_completed", "module": "main", "function": "log_requests", "line": 63, "request_id": "cb583df6-882b-4fd7-a358-affadf7379f9", "latency_seconds": 3.632}
{"timestamp": "2026-01-30T12:06:46.397870Z", "level": "INFO", "logger": "app.main", "message": "request_started", "module": "main", "function": "log_requests", "line": 45, "request_id": "944e2006-8ba2-42db-afd1-58df7d6b02e9"}
{"timestamp": "2026-01-30T12:06:46.402143Z", "level": "INFO", "logger": "app.main", "message": "request_completed", "module": "main", "function": "log_requests", "line": 63, "request_id": "944e2006-8ba2-42db-afd1-58df7d6b02e9", "latency_seconds": 0.003}
{"timestamp": "2026-01-30T12:26:00.409790Z", "level": "INFO", "logger": "app.main", "message": "application_shutdown", "module": "main", "function": "shutdown_event", "line": 132}
{"timestamp": "2026-01-30T12:49:01.582304Z", "level": "INFO", "logger": "app.main", "message": "application_startup", "module": "main", "function": "startup_event", "line": 105}
{"timestamp": "2026-01-30T12:50:44.916347Z", "level": "INFO", "logger": "app.main", "message": "request_started", "module": "main", "function": "log_requests", "line": 45, "request_id": "762562f5-45b8-4711-bcff-38e6f39a875e"}
{"timestamp": "2026-01-30T12:50:44.916347Z", "level": "INFO", "logger": "app.main", "message": "request_completed", "module": "main", "function": "log_requests", "line": 63, "request_id": "762562f5-45b8-4711-bcff-38e6f39a875e", "latency_seconds": 0.0}
{"timestamp": "2026-01-30T12:50:45.167167Z", "level": "INFO", "logger": "app.main", "message": "request_started", "module": "main", "function": "log_requests", "line": 45, "request_id": "280e3433-5994-490d-b2bc-d2c2ce17a426"}
{"timestamp": "2026-01-30T12:50:45.626586Z", "level": "INFO", "logger": "app.main", "message": "request_completed", "module": "main", "function": "log_requests", "line": 63, "request_id": "280e3433-5994-490d-b2bc-d2c2ce17a426", "latency_seconds": 0.459}
{"timestamp": "2026-01-30T12:51:02.565540Z", "level": "INFO", "logger": "app.main", "message": "request_started", "module": "main", "function": "log_requests", "line": 45, "request_id": "413ae329-99fb-4431-b6a1-0bc59c5ed984"}
{"timestamp": "2026-01-30T12:51:06.445627Z", "level": "INFO", "logger": "app.main", "message": "request_completed", "module": "main", "function": "log_requests", "line": 63, "request_id": "413ae329-99fb-4431-b6a1-0bc59c5ed984", "latency_seconds": 3.88}
{"timestamp": "2026-01-30T12:52:38.045329Z", "level": "INFO", "logger": "app.main", "message": "request_started", "module": "main", "function": "log_requests", "line": 45, "request_id": "377ed8d7-b898-404a-85cb-fa90617bfa61"}
{"timestamp": "2026-01-30T12:52:38.049762Z", "level": "INFO", "logger": "app.main", "message": "request_completed", "module": "main", "function": "log_requests", "line": 63, "request_id": "377ed8d7-b898-404a-85cb-fa90617bfa61", "latency_seconds": 0.004}
{"timestamp": "2026-01-30T12:53:19.746057Z", "level": "INFO", "logger": "app.main", "message": "request_started", "module": "main", "function": "log_requests", "line": 45, "request_id": "d7101fbb-0d52-4e7f-94d5-1a561f02ac01"}
{"timestamp": "2026-01-30T12:53:19.753119Z", "level": "INFO", "logger": "app.main", "message": "request_completed", "module": "main", "function": "log_requests", "line": 63, "request_id": "d7101fbb-0d52-4e7f-94d5-1a561f02ac01", "latency_seconds": 0.007}
{"timestamp": "2026-01-30T12:53:43.163813Z", "level": "INFO", "logger": "app.main", "message": "request_started", "module": "main", "function": "log_requests", "line": 45, "request_id": "3ff4a878-ca15-492f-a3d4-32b898420f1b"}
{"timestamp": "2026-01-30T12:53:43.165663Z", "level": "INFO", "logger": "app.main", "message": "request_completed", "module": "main", "function": "log_requests", "line": 63, "request_id": "3ff4a878-ca15-492f-a3d4-32b898420f1b", "latency_seconds": 0.002}
{"timestamp": "2026-01-30T16:52:29.971564Z", "level": "INFO", "logger": "app.main", "message": "application_startup", "module": "main", "function": "startup_event", "line": 105}
{"timestamp": "2026-01-30T16:52:35.238153Z", "level": "INFO", "logger": "app.main", "message": "request_started", "module": "main", "function": "log_requests", "line": 45, "request_id": "1f86d07b-9394-4f71-bb16-31d5872bca2a"}
{"timestamp": "2026-01-30T16:52:35.240565Z", "level": "INFO", "logger": "app.main", "message": "request_completed", "module": "main", "function": "log_requests", "line": 63, "request_id": "1f86d07b-9394-4f71-bb16-31d5872bca2a", "latency_seconds": 0.001}
{"timestamp": "2026-01-30T16:52:35.369411Z", "level": "INFO", "logger": "app.main", "message": "request_started", "module": "main", "function": "log_requests", "line": 45, "request_id": "6130c160-4cf6-4c10-84c3-5becaae2e571"}
{"timestamp": "2026-01-30T16:52:35.711687Z", "level": "INFO", "logger": "app.main", "message": "request_completed", "module": "main", "function": "log_requests", "line": 63, "request_id": "6130c160-4cf6-4c10-84c3-5becaae2e571", "latency_seconds": 0.342}
{"timestamp": "2026-01-30T16:55:28.761984Z", "level": "INFO", "logger": "app.main", "message": "request_started", "module": "main", "function": "log_requests", "line": 45, "request_id": "a1953d0e-0cb3-49fc-8f12-14a2a582c49d"}
{"timestamp": "2026-01-30T16:55:28.769342Z", "level": "INFO", "logger": "app.main", "message": "request_completed", "module": "main", "function": "log_requests", "line": 63, "request_id": "a1953d0e-0cb3-49fc-8f12-14a2a582c49d", "latency_seconds": 0.007}
{"timestamp": "2026-01-30T16:55:28.777136Z", "level": "INFO", "logger": "app.main", "message": "request_started", "module": "main", "function": "log_requests", "line": 45, "request_id": "a7640276-0786-4518-96aa-1df9660e0376"}
{"timestamp": "2026-01-30T16:55:28.778426Z", "level": "INFO", "logger": "app.main", "message": "request_completed", "module": "main", "function": "log_requests", "line": 63, "request_id": "a7640276-0786-4518-96aa-1df9660e0376", "latency_seconds": 0.001}
{"timestamp": "2026-01-30T16:55:38.269405Z", "level": "INFO", "logger": "app.main", "message": "request_started", "module": "main", "function": "log_requests", "line": 45, "request_id": "899aefdb-83e0-4656-9fce-f01d6ac13da5"}
{"timestamp": "2026-01-30T16:55:38.273585Z", "level": "INFO", "logger": "app.main", "message": "request_completed", "module": "main", "function": "log_requests", "line": 63, "request_id": "899aefdb-83e0-4656-9fce-f01d6ac13da5", "latency_seconds": 0.001}
{"timestamp": "2026-01-30T16:55:38.287202Z", "level": "INFO", "logger": "app.main", "message": "request_started", "module": "main", "function": "log_requests", "line": 45, "request_id": "2c000ddb-f563-40ca-aeaf-3cf338a82465"}
{"timestamp": "2026-01-30T16:55:38.288202Z", "level": "INFO", "logger": "app.main", "message": "request_completed", "module": "main", "function": "log_requests", "line": 63, "request_id": "2c000ddb-f563-40ca-aeaf-3cf338a82465", "latency_seconds": 0.001}
{"timestamp": "2026-01-30T16:55:41.592908Z", "level": "INFO", "logger": "app.main", "message": "request_started", "module": "main", "function": "log_requests", "line": 45, "request_id": "275de70d-3469-4d71-98e7-1c68a189c09f"}
{"timestamp": "2026-01-30T16:55:41.593913Z", "level": "INFO", "logger": "app.main", "message": "request_completed", "module": "main", "function": "log_requests", "line": 63, "request_id": "275de70d-3469-4d71-98e7-1c68a189c09f", "latency_seconds": 0.001}
{"timestamp": "2026-01-30T16:55:41.609939Z", "level": "INFO", "logger": "app.main", "message": "request_started", "module": "main", "function": "log_requests", "line": 45, "request_id": "4befe3c7-6d75-49b1-a07c-64b791633e7b"}
{"timestamp": "2026-01-30T16:55:45.628961Z", "level": "INFO", "logger": "app.main", "message": "request_completed", "module": "main", "function": "log_requests", "line": 63, "request_id": "4befe3c7-6d75-49b1-a07c-64b791633e7b", "latency_seconds": 4.019}
{"timestamp": "2026-01-30T16:55:45.656538Z", "level": "INFO", "logger": "app.main", "message": "request_started", "module": "main", "function": "log_requests", "line": 45, "request_id": "713fc733-707c-4f80-858a-2a2b1e51e6ac"}
{"timestamp": "2026-01-30T16:55:45.659978Z", "level": "INFO", "logger": "app.main", "message": "request_completed", "module": "main", "function": "log_requests", "line": 63, "request_id": "713fc733-707c-4f80-858a-2a2b1e51e6ac", "latency_seconds": 0.002}
{"timestamp": "2026-01-30T16:55:45.673163Z", "level": "INFO", "logger": "app.main", "message": "request_started", "module": "main", "function": "log_requests", "line": 45, "request_id": "d88c9304-0c81-4306-8ab3-41f9fed664b6"}
{"timestamp": "2026-01-30T16:55:45.673672Z", "level": "INFO", "logger": "app.main", "message": "request_completed", "module": "main", "function": "log_requests", "line": 63, "request_id": "d88c9304-0c81-4306-8ab3-41f9fed664b6", "latency_seconds": 0.001}
{"timestamp": "2026-01-30T16:55:51.864906Z", "level": "INFO", "logger": "app.main", "message": "request_started", "module": "main", "function": "log_requests", "line": 45, "request_id": "38cc8a5f-a0ab-4282-ac6d-41dc29867535"}
{"timestamp": "2026-01-30T16:55:51.867428Z", "level": "INFO", "logger": "app.main", "message": "request_completed", "module": "main", "function": "log_requests", "line": 63, "request_id": "38cc8a5f-a0ab-4282-ac6d-41dc29867535", "latency_seconds": 0.001}
{"timestamp": "2026-01-30T16:55:51.880998Z", "level": "INFO", "logger": "app.main", "message": "request_started", "module": "main", "function": "log_requests", "line": 45, "request_id": "99b46de8-57fa-4e51-8e5c-84f4a8529abe"}
{"timestamp": "2026-01-30T16:55:51.882236Z", "level": "INFO", "logger": "app.main", "message": "request_completed", "module": "main", "function": "log_requests", "line": 63, "request_id": "99b46de8-57fa-4e51-8e5c-84f4a8529abe", "latency_seconds": 0.001}
{"timestamp": "2026-01-30T16:56:15.733065Z", "level": "INFO", "logger": "app.main", "message": "request_started", "module": "main", "function": "log_requests", "line": 45, "request_id": "97f97f1c-a716-4e28-80f0-6951f983e157"}
{"timestamp": "2026-01-30T16:56:15.735169Z", "level": "INFO", "logger": "app.main", "message": "request_completed", "module": "main", "function": "log_requests", "line": 63, "request_id": "97f97f1c-a716-4e28-80f0-6951f983e157", "latency_seconds": 0.002}
{"timestamp": "2026-01-30T16:56:15.747911Z", "level": "INFO", "logger": "app.main", "message": "request_started", "module": "main", "function": "log_requests", "line": 45, "request_id": "f864851a-197f-47b2-85fd-e0d4bbe7eb5a"}
{"timestamp": "2026-01-30T16:56:15.753243Z", "level": "INFO", "logger": "app.main", "message": "request_completed", "module": "main", "function": "log_requests", "line": 63, "request_id": "f864851a-197f-47b2-85fd-e0d4bbe7eb5a", "latency_seconds": 0.005}
{"timestamp": "2026-01-30T16:56:15.891305Z", "level": "INFO", "logger": "app.main", "message": "request_started", "module": "main", "function": "log_requests", "line": 45, "request_id": "28f36947-f58f-4271-8aea-90a55b7b913d"}
{"timestamp": "2026-01-30T16:56:15.892562Z", "level": "INFO", "logger": "app.main", "message": "request_completed", "module": "main", "function": "log_requests", "line": 63, "request_id": "28f36947-f58f-4271-8aea-90a55b7b913d", "latency_seconds": 0.001}
{"timestamp": "2026-01-30T16:56:15.909728Z", "level": "INFO", "logger": "app.main", "message": "request_started", "module": "main", "function": "log_requests", "line": 45, "request_id": "fbdc7c9c-2efc-4df2-80cb-340466b14cc9"}
{"timestamp": "2026-01-30T16:56:15.911882Z", "level": "INFO", "logger": "app.main", "message": "request_completed", "module": "main", "function": "log_requests", "line": 63, "request_id": "fbdc7c9c-2efc-4df2-80cb-340466b14cc9", "latency_seconds": 0.002}
{"timestamp": "2026-01-30T16:56:15.919687Z", "level": "INFO", "logger": "app.main", "message": "request_started", "module": "main", "function": "log_requests", "line": 45, "request_id": "ccda8cdc-a38e-4c51-adb5-ee0b4bea71e0"}
{"timestamp": "2026-01-30T16:56:15.927239Z", "level": "INFO", "logger": "app.main", "message": "request_completed", "module": "main", "function": "log_requests", "line": 63, "request_id": "ccda8cdc-a38e-4c51-adb5-ee0b4bea71e0", "latency_seconds": 0.008}
{"timestamp": "2026-01-30T16:59:39.006013Z", "level": "INFO", "logger": "app.main", "message": "application_shutdown", "module": "main", "function": "shutdown_event", "line": 132}
{"timestamp": "2026-01-30T17:12:37.010051Z", "level": "INFO", "logger": "app.main", "message": "application_startup", "module": "main", "function": "startup_event", "line": 105}
{"timestamp": "2026-01-30T17:14:14.897076Z", "level": "INFO", "logger": "app.main", "message": "request_started", "module": "main", "function": "log_requests", "line": 45, "request_id": "2954f1e8-b18e-4ac5-a655-e3320f975248"}
{"timestamp": "2026-01-30T17:14:14.910330Z", "level": "INFO", "logger": "app.main", "message": "request_completed", "module": "main", "function": "log_requests", "line": 63, "request_id": "2954f1e8-b18e-4ac5-a655-e3320f975248", "latency_seconds": 0.012}
{"timestamp": "2026-01-30T17:14:14.922984Z", "level": "INFO", "logger": "app.main", "message": "request_started", "module": "main", "function": "log_requests", "line": 45, "request_id": "5e1e1840-0c62-4bc6-9ed4-1c26aaed02e2"}
{"timestamp": "2026-01-30T17:14:14.925193Z", "level": "INFO", "logger": "app.main", "message": "request_completed", "module": "main", "function": "log_requests", "line": 63, "request_id": "5e1e1840-0c62-4bc6-9ed4-1c26aaed02e2", "latency_seconds": 0.002}
{"timestamp": "2026-01-30T17:14:20.768065Z", "level": "INFO", "logger": "app.main", "message": "request_started", "module": "main", "function": "log_requests", "line": 45, "request_id": "b14e060b-4347-46c1-aeda-6ae0dcfe09b4"}
{"timestamp": "2026-01-30T17:14:20.770111Z", "level": "INFO", "logger": "app.main", "message": "request_completed", "module": "main", "function": "log_requests", "line": 63, "request_id": "b14e060b-4347-46c1-aeda-6ae0dcfe09b4", "latency_seconds": 0.001}
{"timestamp": "2026-01-30T17:14:20.782106Z", "level": "INFO", "logger": "app.main", "message": "request_started", "module": "main", "function": "log_requests", "line": 45, "request_id": "7b92347d-60a7-4881-a06d-dff87c640ae4"}
{"timestamp": "2026-01-30T17:14:20.783107Z", "level": "INFO", "logger": "app.main", "message": "request_completed", "module": "main", "function": "log_requests", "line": 63, "request_id": "7b92347d-60a7-4881-a06d-dff87c640ae4", "latency_seconds": 0.001}
{"timestamp": "2026-01-30T17:14:23.671658Z", "level": "INFO", "logger": "app.main", "message": "request_started", "module": "main", "function": "log_requests", "line": 45, "request_id": "4fb32fa1-c23f-48bb-9d82-bd39e5277dd2"}
{"timestamp": "2026-01-30T17:14:23.673919Z", "level": "INFO", "logger": "app.main", "message": "request_completed", "module": "main", "function": "log_requests", "line": 63, "request_id": "4fb32fa1-c23f-48bb-9d82-bd39e5277dd2", "latency_seconds": 0.001}
{"timestamp": "2026-01-30T17:14:23.689252Z", "level": "INFO", "logger": "app.main", "message": "request_started", "module": "main", "function": "log_requests", "line": 45, "request_id": "51561460-f4ae-415f-bf38-e5c542c0ca21"}
{"timestamp": "2026-01-30T17:14:27.789197Z", "level": "INFO", "logger": "app.main", "message": "request_completed", "module": "main", "function": "log_requests", "line": 63, "request_id": "51561460-f4ae-415f-bf38-e5c542c0ca21", "latency_seconds": 4.099}
{"timestamp": "2026-01-30T17:14:27.830000Z", "level": "INFO", "logger": "app.main", "message": "request_started", "module": "main", "function": "log_requests", "line": 45, "request_id": "5851bb59-455c-4469-b08e-ebdd6d2ee6f3"}
{"timestamp": "2026-01-30T17:14:27.835004Z", "level": "INFO", "logger": "app.main", "message": "request_completed", "module": "main", "function": "log_requests", "line": 63, "request_id": "5851bb59-455c-4469-b08e-ebdd6d2ee6f3", "latency_seconds": 0.003}
{"timestamp": "2026-01-30T17:14:27.855379Z", "level": "INFO", "logger": "app.main", "message": "request_started", "module": "main", "function": "log_requests", "line": 45, "request_id": "fcfc1d18-3422-4bd8-a9d5-f0da4d7c9558"}
{"timestamp": "2026-01-30T17:14:27.858582Z", "level": "INFO", "logger": "app.main", "message": "request_completed", "module": "main", "function": "log_requests", "line": 63, "request_id": "fcfc1d18-3422-4bd8-a9d5-f0da4d7c9558", "latency_seconds": 0.002}
{"timestamp": "2026-01-30T17:14:34.347948Z", "level": "INFO", "logger": "app.main", "message": "request_started", "module": "main", "function": "log_requests", "line": 45, "request_id": "39c04502-56fe-44a5-915c-d742bce53bce"}
{"timestamp": "2026-01-30T17:14:34.348956Z", "level": "INFO", "logger": "app.main", "message": "request_completed", "module": "main", "function": "log_requests", "line": 63, "request_id": "39c04502-56fe-44a5-915c-d742bce53bce", "latency_seconds": 0.001}
{"timestamp": "2026-01-30T17:14:34.359523Z", "level": "INFO", "logger": "app.main", "message": "request_started", "module": "main", "function": "log_requests", "line": 45, "request_id": "979370d2-a608-4d5c-96a7-4ad5bdafc9b1"}
{"timestamp": "2026-01-30T17:14:34.361605Z", "level": "INFO", "logger": "app.main", "message": "request_completed", "module": "main", "function": "log_requests", "line": 63, "request_id": "979370d2-a608-4d5c-96a7-4ad5bdafc9b1", "latency_seconds": 0.002}
{"timestamp": "2026-01-30T17:15:09.833081Z", "level": "INFO", "logger": "app.main", "message": "request_started", "module": "main", "function": "log_requests", "line": 45, "request_id": "cb26764b-729f-422b-bbb9-7109ed5880f1"}
{"timestamp": "2026-01-30T17:15:09.838133Z", "level": "INFO", "logger": "app.main", "message": "request_completed", "module": "main", "function": "log_requests", "line": 63, "request_id": "cb26764b-729f-422b-bbb9-7109ed5880f1", "latency_seconds": 0.003}
{"timestamp": "2026-01-30T17:15:09.854333Z", "level": "INFO", "logger": "app.main", "message": "request_started", "module": "main", "function": "log_requests", "line": 45, "request_id": "2e772a52-e5ee-4d7c-a4e5-2a1322d7d34e"}
{"timestamp": "2026-01-30T17:15:09.856457Z", "level": "INFO", "logger": "app.main", "message": "request_completed", "module": "main", "function": "log_requests", "line": 63, "request_id": "2e772a52-e5ee-4d7c-a4e5-2a1322d7d34e", "latency_seconds": 0.001}
{"timestamp": "2026-01-30T17:15:09.962962Z", "level": "INFO", "logger": "app.main", "message": "request_started", "module": "main", "function": "log_requests", "line": 45, "request_id": "fb9800fb-a55c-4737-8909-265ca03c9f02"}
{"timestamp": "2026-01-30T17:15:09.965383Z", "level": "INFO", "logger": "app.main", "message": "request_completed", "module": "main", "function": "log_requests", "line": 63, "request_id": "fb9800fb-a55c-4737-8909-265ca03c9f02", "latency_seconds": 0.001}
{"timestamp": "2026-01-30T17:15:09.979173Z", "level": "INFO", "logger": "app.main", "message": "request_started", "module": "main", "function": "log_requests", "line": 45, "request_id": "ff4391be-3a6c-41a3-89a9-61d1d0f77e0b"}
{"timestamp": "2026-01-30T17:15:09.981219Z", "level": "INFO", "logger": "app.main", "message": "request_completed", "module": "main", "function": "log_requests", "line": 63, "request_id": "ff4391be-3a6c-41a3-89a9-61d1d0f77e0b", "latency_seconds": 0.002}
{"timestamp": "2026-01-30T17:15:09.987954Z", "level": "INFO", "logger": "app.main", "message": "request_started", "module": "main", "function": "log_requests", "line": 45, "request_id": "fd5eb37b-76a0-422c-b92f-3b1fc8303741"}
{"timestamp": "2026-01-30T17:15:09.995688Z", "level": "INFO", "logger": "app.main", "message": "request_completed", "module": "main", "function": "log_requests", "line": 63, "request_id": "fd5eb37b-76a0-422c-b92f-3b1fc8303741", "latency_seconds": 0.008}
{"timestamp": "2026-01-30T17:18:30.008794Z", "level": "INFO", "logger": "app.main", "message": "application_shutdown", "module": "main", "function": "shutdown_event", "line": 132}
{"timestamp": "2026-01-31T07:20:57.284105Z", "level": "INFO", "logger": "app.main", "message": "application_startup", "module": "main", "function": "startup_event", "line": 105}
{"timestamp": "2026-01-31T07:21:43.950112Z", "level": "INFO", "logger": "app.main", "message": "request_started", "module": "main", "function": "log_requests", "line": 45, "request_id": "da15fbe9-9c9b-475c-9343-de306c84aa0e"}
{"timestamp": "2026-01-31T07:21:43.956078Z", "level": "INFO", "logger": "app.main", "message": "request_completed", "module": "main", "function": "log_requests", "line": 63, "request_id": "da15fbe9-9c9b-475c-9343-de306c84aa0e", "latency_seconds": 0.006}
{"timestamp": "2026-01-31T07:21:43.963375Z", "level": "INFO", "logger": "app.main", "message": "request_started", "module": "main", "function": "log_requests", "line": 45, "request_id": "37f7c302-88ec-4466-bcd8-c6e177fd4e17"}
{"timestamp": "2026-01-31T07:21:43.964381Z", "level": "INFO", "logger": "app.main", "message": "request_completed", "module": "main", "function": "log_requests", "line": 63, "request_id": "37f7c302-88ec-4466-bcd8-c6e177fd4e17", "latency_seconds": 0.001}
{"timestamp": "2026-01-31T07:21:55.071854Z", "level": "INFO", "logger": "app.main", "message": "request_started", "module": "main", "function": "log_requests", "line": 45, "request_id": "020b5be2-2800-45f9-815a-c0782ddfe429"}
{"timestamp": "2026-01-31T07:21:55.073907Z", "level": "INFO", "logger": "app.main", "message": "request_completed", "module": "main", "function": "log_requests", "line": 63, "request_id": "020b5be2-2800-45f9-815a-c0782ddfe429", "latency_seconds": 0.002}
{"timestamp": "2026-01-31T07:21:55.082636Z", "level": "INFO", "logger": "app.main", "message": "request_started", "module": "main", "function": "log_requests", "line": 45, "request_id": "e2aace4f-d088-4de5-be44-316b23901fb5"}
{"timestamp": "2026-01-31T07:21:55.083811Z", "level": "INFO", "logger": "app.main", "message": "request_completed", "module": "main", "function": "log_requests", "line": 63, "request_id": "e2aace4f-d088-4de5-be44-316b23901fb5", "latency_seconds": 0.001}
{"timestamp": "2026-01-31T07:22:00.662194Z", "level": "INFO", "logger": "app.main", "message": "request_started", "module": "main", "function": "log_requests", "line": 45, "request_id": "0776fda5-ff8c-4bd8-8f43-54a494bb8128"}
{"timestamp": "2026-01-31T07:22:00.663199Z", "level": "INFO", "logger": "app.main", "message": "request_completed", "module": "main", "function": "log_requests", "line": 63, "request_id": "0776fda5-ff8c-4bd8-8f43-54a494bb8128", "latency_seconds": 0.001}
{"timestamp": "2026-01-31T07:22:00.674665Z", "level": "INFO", "logger": "app.main", "message": "request_started", "module": "main", "function": "log_requests", "line": 45, "request_id": "39bc9fda-bd90-45ad-89fb-f05b695b937d"}
{"timestamp": "2026-01-31T07:22:04.793770Z", "level": "INFO", "logger": "app.main", "message": "request_completed", "module": "main", "function": "log_requests", "line": 63, "request_id": "39bc9fda-bd90-45ad-89fb-f05b695b937d", "latency_seconds": 4.119}
{"timestamp": "2026-01-31T07:22:04.818928Z", "level": "INFO", "logger": "app.main", "message": "request_started", "module": "main", "function": "log_requests", "line": 45, "request_id": "fc8945ab-3d38-424d-8e6d-1f3253443951"}
{"timestamp": "2026-01-31T07:22:04.827023Z", "level": "INFO", "logger": "app.main", "message": "request_completed", "module": "main", "function": "log_requests", "line": 63, "request_id": "fc8945ab-3d38-424d-8e6d-1f3253443951", "latency_seconds": 0.008}
{"timestamp": "2026-01-31T07:22:04.847088Z", "level": "INFO", "logger": "app.main", "message": "request_started", "module": "main", "function": "log_requests", "line": 45, "request_id": "4fc1294b-ef2e-42a7-9f5e-098a06481dd5"}
{"timestamp": "2026-01-31T07:22:04.849528Z", "level": "INFO", "logger": "app.main", "message": "request_completed", "module": "main", "function": "log_requests", "line": 63, "request_id": "4fc1294b-ef2e-42a7-9f5e-098a06481dd5", "latency_seconds": 0.001}
{"timestamp": "2026-01-31T07:22:34.657586Z", "level": "INFO", "logger": "app.main", "message": "request_started", "module": "main", "function": "log_requests", "line": 45, "request_id": "c4761a70-c8f7-483d-9000-ea60047afb6d"}
{"timestamp": "2026-01-31T07:22:34.658619Z", "level": "INFO", "logger": "app.main", "message": "request_completed", "module": "main", "function": "log_requests", "line": 63, "request_id": "c4761a70-c8f7-483d-9000-ea60047afb6d", "latency_seconds": 0.001}
{"timestamp": "2026-01-31T07:22:34.678485Z", "level": "INFO", "logger": "app.main", "message": "request_started", "module": "main", "function": "log_requests", "line": 45, "request_id": "67dedfb9-f895-4867-be81-2458b63b780c"}
{"timestamp": "2026-01-31T07:22:34.680753Z", "level": "INFO", "logger": "app.main", "message": "request_completed", "module": "main", "function": "log_requests", "line": 63, "request_id": "67dedfb9-f895-4867-be81-2458b63b780c", "latency_seconds": 0.002}
{"timestamp": "2026-01-31T07:22:34.863329Z", "level": "INFO", "logger": "app.main", "message": "request_started", "module": "main", "function": "log_requests", "line": 45, "request_id": "1804ab22-3d56-4a21-8fd2-76301df24d14"}
{"timestamp": "2026-01-31T07:22:34.866815Z", "level": "INFO", "logger": "app.main", "message": "request_completed", "module": "main", "function": "log_requests", "line": 63, "request_id": "1804ab22-3d56-4a21-8fd2-76301df24d14", "latency_seconds": 0.002}
{"timestamp": "2026-01-31T07:22:34.878063Z", "level": "INFO", "logger": "app.main", "message": "request_started", "module": "main", "function": "log_requests", "line": 45, "request_id": "4b2a98f9-dead-46e9-ae9b-72b69af03b89"}
{"timestamp": "2026-01-31T07:22:34.879993Z", "level": "INFO", "logger": "app.main", "message": "request_completed", "module": "main", "function": "log_requests", "line": 63, "request_id": "4b2a98f9-dead-46e9-ae9b-72b69af03b89", "latency_seconds": 0.002}
{"timestamp": "2026-01-31T07:22:34.885255Z", "level": "INFO", "logger": "app.main", "message": "request_started", "module": "main", "function": "log_requests", "line": 45, "request_id": "7c3c69a2-88d9-4618-9b73-92327f69aab0"}
{"timestamp": "2026-01-31T07:22:34.889617Z", "level": "INFO", "logger": "app.main", "message": "request_completed", "module": "main", "function": "log_requests", "line": 63, "request_id": "7c3c69a2-88d9-4618-9b73-92327f69aab0", "latency_seconds": 0.004}
{"timestamp": "2026-01-31T07:26:52.815092Z", "level": "INFO", "logger": "app.main", "message": "application_shutdown", "module": "main", "function": "shutdown_event", "line": 132}
{"timestamp": "2026-01-31T09:19:58.140933Z", "level": "INFO", "logger": "app.main", "message": "application_startup", "module": "main", "function": "startup_event", "line": 105}
{"timestamp": "2026-01-31T09:20:35.685620Z", "level": "INFO", "logger": "app.main", "message": "request_started", "module": "main", "function": "log_requests", "line": 45, "request_id": "5adfe4b5-bcb6-4764-b32a-7c140bc192fc"}
{"timestamp": "2026-01-31T09:20:35.695447Z", "level": "INFO", "logger": "app.main", "message": "request_completed", "module": "main", "function": "log_requests", "line": 63, "request_id": "5adfe4b5-bcb6-4764-b32a-7c140bc192fc", "latency_seconds": 0.01}
{"timestamp": "2026-01-31T09:20:35.701764Z", "level": "INFO", "logger": "app.main", "message": "request_started", "module": "main", "function": "log_requests", "line": 45, "request_id": "01741bfb-fc16-4571-b6ff-b2e0cb09040b"}
{"timestamp": "2026-01-31T09:20:35.702898Z", "level": "INFO", "logger": "app.main", "message": "request_completed", "module": "main", "function": "log_requests", "line": 63, "request_id": "01741bfb-fc16-4571-b6ff-b2e0cb09040b", "latency_seconds": 0.001}
{"timestamp": "2026-01-31T09:20:42.218552Z", "level": "INFO", "logger": "app.main", "message": "request_started", "module": "main", "function": "log_requests", "line": 45, "request_id": "8ffcd409-bb66-46f7-b964-a920232ed88c"}
{"timestamp": "2026-01-31T09:20:42.220852Z", "level": "INFO", "logger": "app.main", "message": "request_completed", "module": "main", "function": "log_requests", "line": 63, "request_id": "8ffcd409-bb66-46f7-b964-a920232ed88c", "latency_seconds": 0.002}
{"timestamp": "2026-01-31T09:20:42.225637Z", "level": "INFO", "logger": "app.main", "message": "request_started", "module": "main", "function": "log_requests", "line": 45, "request_id": "a9e58352-88da-4e39-9312-1883207c2f14"}
{"timestamp": "2026-01-31T09:20:42.225637Z", "level": "INFO", "logger": "app.main", "message": "request_completed", "module": "main", "function": "log_requests", "line": 63, "request_id": "a9e58352-88da-4e39-9312-1883207c2f14", "latency_seconds": 0.0}
{"timestamp": "2026-01-31T09:20:44.573611Z", "level": "INFO", "logger": "app.main", "message": "request_started", "module": "main", "function": "log_requests", "line": 45, "request_id": "3907dc0e-9eb4-4aef-baa9-ae238bf0182e"}
{"timestamp": "2026-01-31T09:20:44.575998Z", "level": "INFO", "logger": "app.main", "message": "request_completed", "module": "main", "function": "log_requests", "line": 63, "request_id": "3907dc0e-9eb4-4aef-baa9-ae238bf0182e", "latency_seconds": 0.001}
{"timestamp": "2026-01-31T09:20:44.590498Z", "level": "INFO", "logger": "app.main", "message": "request_started", "module": "main", "function": "log_requests", "line": 45, "request_id": "5bf257cb-00e7-4aba-bbb6-d8a316f42d0b"}
{"timestamp": "2026-01-31T09:20:48.730385Z", "level": "INFO", "logger": "app.main", "message": "request_completed", "module": "main", "function": "log_requests", "line": 63, "request_id": "5bf257cb-00e7-4aba-bbb6-d8a316f42d0b", "latency_seconds": 4.14}
{"timestamp": "2026-01-31T09:20:48.751062Z", "level": "INFO", "logger": "app.main", "message": "request_started", "module": "main", "function": "log_requests", "line": 45, "request_id": "4178a8d0-b8c9-4775-a927-82c04ce42ee3"}
{"timestamp": "2026-01-31T09:20:48.762575Z", "level": "INFO", "logger": "app.main", "message": "request_completed", "module": "main", "function": "log_requests", "line": 63, "request_id": "4178a8d0-b8c9-4775-a927-82c04ce42ee3", "latency_seconds": 0.01}
{"timestamp": "2026-01-31T09:20:48.775665Z", "level": "INFO", "logger": "app.main", "message": "request_started", "module": "main", "function": "log_requests", "line": 45, "request_id": "ff0024ed-e5e7-4b90-a025-68f35f981613"}
{"timestamp": "2026-01-31T09:20:48.782241Z", "level": "INFO", "logger": "app.main", "message": "request_completed", "module": "main", "function": "log_requests", "line": 63, "request_id": "ff0024ed-e5e7-4b90-a025-68f35f981613", "latency_seconds": 0.006}
{"timestamp": "2026-01-31T09:21:07.758898Z", "level": "INFO", "logger": "app.main", "message": "request_started", "module": "main", "function": "log_requests", "line": 45, "request_id": "8d629af1-aedc-406d-9f04-961c0edb481e"}
{"timestamp": "2026-01-31T09:21:07.761263Z", "level": "INFO", "logger": "app.main", "message": "request_completed", "module": "main", "function": "log_requests", "line": 63, "request_id": "8d629af1-aedc-406d-9f04-961c0edb481e", "latency_seconds": 0.001}
{"timestamp": "2026-01-31T09:21:07.779063Z", "level": "INFO", "logger": "app.main", "message": "request_started", "module": "main", "function": "log_requests", "line": 45, "request_id": "d2a7fc35-3b12-4404-a954-6af548072332"}
{"timestamp": "2026-01-31T09:21:07.779063Z", "level": "INFO", "logger": "app.main", "message": "request_completed", "module": "main", "function": "log_requests", "line": 63, "request_id": "d2a7fc35-3b12-4404-a954-6af548072332", "latency_seconds": 0.0}
{"timestamp": "2026-01-31T09:21:09.820293Z", "level": "INFO", "logger": "app.main", "message": "request_started", "module": "main", "function": "log_requests", "line": 45, "request_id": "f4754c09-88d7-43ed-a9bf-ccf21fe479f0"}
{"timestamp": "2026-01-31T09:21:09.821361Z", "level": "INFO", "logger": "app.main", "message": "request_completed", "module": "main", "function": "log_requests", "line": 63, "request_id": "f4754c09-88d7-43ed-a9bf-ccf21fe479f0", "latency_seconds": 0.001}
{"timestamp": "2026-01-31T09:21:09.833900Z", "level": "INFO", "logger": "app.main", "message": "request_started", "module": "main", "function": "log_requests", "line": 45, "request_id": "e64e0258-a4ad-4388-9d1d-3445917ae0f2"}
{"timestamp": "2026-01-31T09:21:09.834910Z", "level": "INFO", "logger": "app.main", "message": "request_completed", "module": "main", "function": "log_requests", "line": 63, "request_id": "e64e0258-a4ad-4388-9d1d-3445917ae0f2", "latency_seconds": 0.001}
{"timestamp": "2026-01-31T09:21:09.836330Z", "level": "INFO", "logger": "app.main", "message": "request_started", "module": "main", "function": "log_requests", "line": 45, "request_id": "26d48c17-1f56-43a8-81ae-2ff6ff6e4afb"}
{"timestamp": "2026-01-31T09:21:09.876701Z", "level": "INFO", "logger": "app.main", "message": "request_completed", "module": "main", "function": "log_requests", "line": 63, "request_id": "26d48c17-1f56-43a8-81ae-2ff6ff6e4afb", "latency_seconds": 0.04}
{"timestamp": "2026-01-31T09:26:26.079024Z", "level": "INFO", "logger": "app.main", "message": "request_started", "module": "main", "function": "log_requests", "line": 45, "request_id": "c7722564-60f5-48e5-8133-a58edee9a7d9"}
{"timestamp": "2026-01-31T09:26:26.081039Z", "level": "INFO", "logger": "app.main", "message": "request_completed", "module": "main", "function": "log_requests", "line": 63, "request_id": "c7722564-60f5-48e5-8133-a58edee9a7d9", "latency_seconds": 0.002}
{"timestamp": "2026-01-31T09:26:26.091111Z", "level": "INFO", "logger": "app.main", "message": "request_started", "module": "main", "function": "log_requests", "line": 45, "request_id": "ddc60f8a-c0f2-46f9-bad8-8d82796e8f6b"}
{"timestamp": "2026-01-31T09:26:26.098579Z", "level": "INFO", "logger": "app.main", "message": "request_completed", "module": "main", "function": "log_requests", "line": 63, "request_id": "ddc60f8a-c0f2-46f9-bad8-8d82796e8f6b", "latency_seconds": 0.0}
{"timestamp": "2026-01-31T09:26:28.395372Z", "level": "INFO", "logger": "app.main", "message": "request_started", "module": "main", "function": "log_requests", "line": 45, "request_id": "34abe20c-e639-4348-9f36-3b4bc329ab6a"}
{"timestamp": "2026-01-31T09:26:28.396739Z", "level": "INFO", "logger": "app.main", "message": "request_completed", "module": "main", "function": "log_requests", "line": 63, "request_id": "34abe20c-e639-4348-9f36-3b4bc329ab6a", "latency_seconds": 0.001}
{"timestamp": "2026-01-31T09:26:28.406576Z", "level": "INFO", "logger": "app.main", "message": "request_started", "module": "main", "function": "log_requests", "line": 45, "request_id": "1314a9c7-1c50-4e51-ba73-e8f960739d8f"}
{"timestamp": "2026-01-31T09:26:28.408706Z", "level": "INFO", "logger": "app.main", "message": "request_completed", "module": "main", "function": "log_requests", "line": 63, "request_id": "1314a9c7-1c50-4e51-ba73-e8f960739d8f", "latency_seconds": 0.002}
{"timestamp": "2026-01-31T09:26:28.417289Z", "level": "INFO", "logger": "app.main", "message": "request_started", "module": "main", "function": "log_requests", "line": 45, "request_id": "22db5fda-49e1-42d3-bb72-680f2e30c801"}
{"timestamp": "2026-01-31T09:26:28.452650Z", "level": "INFO", "logger": "app.main", "message": "request_completed", "module": "main", "function": "log_requests", "line": 63, "request_id": "22db5fda-49e1-42d3-bb72-680f2e30c801", "latency_seconds": 0.035}
{"timestamp": "2026-01-31T09:27:21.503592Z", "level": "INFO", "logger": "app.main", "message": "request_started", "module": "main", "function": "log_requests", "line": 45, "request_id": "4df3746b-e7db-4a8d-8a8f-a4d6445da06b"}
{"timestamp": "2026-01-31T09:27:21.504599Z", "level": "INFO", "logger": "app.main", "message": "request_completed", "module": "main", "function": "log_requests", "line": 63, "request_id": "4df3746b-e7db-4a8d-8a8f-a4d6445da06b", "latency_seconds": 0.001}
{"timestamp": "2026-01-31T09:27:21.513786Z", "level": "INFO", "logger": "app.main", "message": "request_started", "module": "main", "function": "log_requests", "line": 45, "request_id": "1a76047f-1c8f-486b-b16e-da996e351e28"}
{"timestamp": "2026-01-31T09:27:21.516162Z", "level": "INFO", "logger": "app.main", "message": "request_completed", "module": "main", "function": "log_requests", "line": 63, "request_id": "1a76047f-1c8f-486b-b16e-da996e351e28", "latency_seconds": 0.001}
{"timestamp": "2026-01-31T09:27:23.407581Z", "level": "INFO", "logger": "app.main", "message": "request_started", "module": "main", "function": "log_requests", "line": 45, "request_id": "d7daf520-e6a0-4a9d-be9d-d6b2ada2ce7c"}
{"timestamp": "2026-01-31T09:27:23.407581Z", "level": "INFO", "logger": "app.main", "message": "request_completed", "module": "main", "function": "log_requests", "line": 63, "request_id": "d7daf520-e6a0-4a9d-be9d-d6b2ada2ce7c", "latency_seconds": 0.0}
{"timestamp": "2026-01-31T09:27:23.418380Z", "level": "INFO", "logger": "app.main", "message": "request_started", "module": "main", "function": "log_requests", "line": 45, "request_id": "13cd4a90-d86a-452b-aefc-59e5a357aa23"}
{"timestamp": "2026-01-31T09:27:23.420408Z", "level": "INFO", "logger": "app.main", "message": "request_completed", "module": "main", "function": "log_requests", "line": 63, "request_id": "13cd4a90-d86a-452b-aefc-59e5a357aa23", "latency_seconds": 0.001}
{"timestamp": "2026-01-31T09:27:23.427579Z", "level": "INFO", "logger": "app.main", "message": "request_started", "module": "main", "function": "log_requests", "line": 45, "request_id": "08920e91-1d86-43d0-b18b-b9349bb276b8"}
{"timestamp": "2026-01-31T09:27:23.460110Z", "level": "INFO", "logger": "app.main", "message": "request_completed", "module": "main", "function": "log_requests", "line": 63, "request_id": "08920e91-1d86-43d0-b18b-b9349bb276b8", "latency_seconds": 0.033}
{"timestamp": "2026-01-31T09:28:05.573924Z", "level": "INFO", "logger": "app.main", "message": "request_started", "module": "main", "function": "log_requests", "line": 45, "request_id": "10199aec-6329-4666-b1b3-6180c63540c1"}
{"timestamp": "2026-01-31T09:28:05.576925Z", "level": "INFO", "logger": "app.main", "message": "request_completed", "module": "main", "function": "log_requests", "line": 63, "request_id": "10199aec-6329-4666-b1b3-6180c63540c1", "latency_seconds": 0.002}
{"timestamp": "2026-01-31T09:28:05.584985Z", "level": "INFO", "logger": "app.main", "message": "request_started", "module": "main", "function": "log_requests", "line": 45, "request_id": "833166e0-d125-45b4-8e5f-621ca50bf719"}
{"timestamp": "2026-01-31T09:28:05.596911Z", "level": "INFO", "logger": "app.main", "message": "request_completed", "module": "main", "function": "log_requests", "line": 63, "request_id": "833166e0-d125-45b4-8e5f-621ca50bf719", "latency_seconds": 0.0}
{"timestamp": "2026-01-31T09:28:07.955575Z", "level": "INFO", "logger": "app.main", "message": "request_started", "module": "main", "function": "log_requests", "line": 45, "request_id": "8703bdce-0b2e-4999-abff-4f12bbf16f6b"}
{"timestamp": "2026-01-31T09:28:07.957575Z", "level": "INFO", "logger": "app.main", "message": "request_completed", "module": "main", "function": "log_requests", "line": 63, "request_id": "8703bdce-0b2e-4999-abff-4f12bbf16f6b", "latency_seconds": 0.002}
{"timestamp": "2026-01-31T09:28:07.972517Z", "level": "INFO", "logger": "app.main", "message": "request_started", "module": "main", "function": "log_requests", "line": 45, "request_id": "4048fcfc-a990-4450-897f-870be3a39a7e"}
{"timestamp": "2026-01-31T09:28:07.972517Z", "level": "INFO", "logger": "app.main", "message": "request_completed", "module": "main", "function": "log_requests", "line": 63, "request_id": "4048fcfc-a990-4450-897f-870be3a39a7e", "latency_seconds": 0.0}
{"timestamp": "2026-01-31T09:28:07.985189Z", "level": "INFO", "logger": "app.main", "message": "request_started", "module": "main", "function": "log_requests", "line": 45, "request_id": "548cc50b-33cd-43d5-875f-b001d032d813"}
{"timestamp": "2026-01-31T09:28:08.015539Z", "level": "INFO", "logger": "app.main", "message": "request_completed", "module": "main", "function": "log_requests", "line": 63, "request_id": "548cc50b-33cd-43d5-875f-b001d032d813", "latency_seconds": 0.03}
{"timestamp": "2026-01-31T10:06:03.957360Z", "level": "INFO", "logger": "app.main", "message": "application_shutdown", "module": "main", "function": "shutdown_event", "line": 132}
{"timestamp": "2026-02-01T06:04:19.916919Z", "level": "INFO", "logger": "app.main", "message": "application_startup", "module": "main", "function": "startup_event", "line": 105}
{"timestamp": "2026-02-01T06:04:41.355732Z", "level": "INFO", "logger": "app.main", "message": "request_started", "module": "main", "function": "log_requests", "line": 45, "request_id": "4c4cf8c7-87ca-4827-a481-b4d732faac53"}
{"timestamp": "2026-02-01T06:04:41.360981Z", "level": "INFO", "logger": "app.main", "message": "request_completed", "module": "main", "function": "log_requests", "line": 63, "request_id": "4c4cf8c7-87ca-4827-a481-b4d732faac53", "latency_seconds": 0.005}
{"timestamp": "2026-02-01T06:04:41.370844Z", "level": "INFO", "logger": "app.main", "message": "request_started", "module": "main", "function": "log_requests", "line": 45, "request_id": "3217f866-2ac1-423d-bddf-173f6f8e27a7"}
{"timestamp": "2026-02-01T06:04:41.371849Z", "level": "INFO", "logger": "app.main", "message": "request_completed", "module": "main", "function": "log_requests", "line": 63, "request_id": "3217f866-2ac1-423d-bddf-173f6f8e27a7", "latency_seconds": 0.001}
{"timestamp": "2026-02-01T06:04:50.030368Z", "level": "INFO", "logger": "app.main", "message": "request_started", "module": "main", "function": "log_requests", "line": 45, "request_id": "ed5dc2d9-7b52-4696-abe2-f2a5c89d1a40"}
{"timestamp": "2026-02-01T06:04:50.032367Z", "level": "INFO", "logger": "app.main", "message": "request_completed", "module": "main", "function": "log_requests", "line": 63, "request_id": "ed5dc2d9-7b52-4696-abe2-f2a5c89d1a40", "latency_seconds": 0.001}
{"timestamp": "2026-02-01T06:04:50.044302Z", "level": "INFO", "logger": "app.main", "message": "request_started", "module": "main", "function": "log_requests", "line": 45, "request_id": "e77b8172-4bb5-40de-b126-add893de0039"}
{"timestamp": "2026-02-01T06:04:50.046611Z", "level": "INFO", "logger": "app.main", "message": "request_completed", "module": "main", "function": "log_requests", "line": 63, "request_id": "e77b8172-4bb5-40de-b126-add893de0039", "latency_seconds": 0.001}
{"timestamp": "2026-02-01T06:04:51.571421Z", "level": "INFO", "logger": "app.main", "message": "request_started", "module": "main", "function": "log_requests", "line": 45, "request_id": "a8cefb40-9936-46f7-bec8-9f4a0d8863a6"}
{"timestamp": "2026-02-01T06:04:51.572422Z", "level": "INFO", "logger": "app.main", "message": "request_completed", "module": "main", "function": "log_requests", "line": 63, "request_id": "a8cefb40-9936-46f7-bec8-9f4a0d8863a6", "latency_seconds": 0.001}
{"timestamp": "2026-02-01T06:04:51.592023Z", "level": "INFO", "logger": "app.main", "message": "request_started", "module": "main", "function": "log_requests", "line": 45, "request_id": "03a5ef2d-b9c9-4a52-a6f4-4678ad5ffc03"}
{"timestamp": "2026-02-01T06:04:55.828021Z", "level": "INFO", "logger": "app.main", "message": "request_completed", "module": "main", "function": "log_requests", "line": 63, "request_id": "03a5ef2d-b9c9-4a52-a6f4-4678ad5ffc03", "latency_seconds": 4.235}
{"timestamp": "2026-02-01T06:04:55.862875Z", "level": "INFO", "logger": "app.main", "message": "request_started", "module": "main", "function": "log_requests", "line": 45, "request_id": "a3eeac50-ddc0-441c-99a4-19782dc9e497"}
{"timestamp": "2026-02-01T06:04:55.869621Z", "level": "INFO", "logger": "app.main", "message": "request_completed", "module": "main", "function": "log_requests", "line": 63, "request_id": "a3eeac50-ddc0-441c-99a4-19782dc9e497", "latency_seconds": 0.006}
{"timestamp": "2026-02-01T06:04:55.887116Z", "level": "INFO", "logger": "app.main", "message": "request_started", "module": "main", "function": "log_requests", "line": 45, "request_id": "39558cd0-0660-4ed3-9961-83b3ce4fb7e1"}
{"timestamp": "2026-02-01T06:04:55.892126Z", "level": "INFO", "logger": "app.main", "message": "request_completed", "module": "main", "function": "log_requests", "line": 63, "request_id": "39558cd0-0660-4ed3-9961-83b3ce4fb7e1", "latency_seconds": 0.004}
{"timestamp": "2026-02-01T06:05:21.619663Z", "level": "INFO", "logger": "app.main", "message": "request_started", "module": "main", "function": "log_requests", "line": 45, "request_id": "fabc9548-6ea8-49d9-859b-b49014a90562"}
{"timestamp": "2026-02-01T06:05:21.622023Z", "level": "INFO", "logger": "app.main", "message": "request_completed", "module": "main", "function": "log_requests", "line": 63, "request_id": "fabc9548-6ea8-49d9-859b-b49014a90562", "latency_seconds": 0.001}
{"timestamp": "2026-02-01T06:05:21.634754Z", "level": "INFO", "logger": "app.main", "message": "request_started", "module": "main", "function": "log_requests", "line": 45, "request_id": "73eb411f-fd36-4d72-9aa3-577664003399"}
{"timestamp": "2026-02-01T06:05:21.636860Z", "level": "INFO", "logger": "app.main", "message": "request_completed", "module": "main", "function": "log_requests", "line": 63, "request_id": "73eb411f-fd36-4d72-9aa3-577664003399", "latency_seconds": 0.002}
{"timestamp": "2026-02-01T06:05:23.939245Z", "level": "INFO", "logger": "app.main", "message": "request_started", "module": "main", "function": "log_requests", "line": 45, "request_id": "0212d6f9-b9ad-4b8e-90b3-1f4e1f1f1487"}
{"timestamp": "2026-02-01T06:05:23.940751Z", "level": "INFO", "logger": "app.main", "message": "request_completed", "module": "main", "function": "log_requests", "line": 63, "request_id": "0212d6f9-b9ad-4b8e-90b3-1f4e1f1f1487", "latency_seconds": 0.002}
{"timestamp": "2026-02-01T06:05:23.955896Z", "level": "INFO", "logger": "app.main", "message": "request_started", "module": "main", "function": "log_requests", "line": 45, "request_id": "729342ea-6b10-442c-9aee-d000af285dfc"}
{"timestamp": "2026-02-01T06:05:23.957223Z", "level": "INFO", "logger": "app.main", "message": "request_completed", "module": "main", "function": "log_requests", "line": 63, "request_id": "729342ea-6b10-442c-9aee-d000af285dfc", "latency_seconds": 0.001}
{"timestamp": "2026-02-01T06:05:23.963919Z", "level": "INFO", "logger": "app.main", "message": "request_started", "module": "main", "function": "log_requests", "line": 45, "request_id": "264d29bc-8c32-4255-92f9-16fc06b32d3c"}
{"timestamp": "2026-02-01T06:05:24.010005Z", "level": "INFO", "logger": "app.main", "message": "request_completed", "module": "main", "function": "log_requests", "line": 63, "request_id": "264d29bc-8c32-4255-92f9-16fc06b32d3c", "latency_seconds": 0.045}
{"timestamp": "2026-02-01T06:05:56.977956Z", "level": "INFO", "logger": "app.main", "message": "request_started", "module": "main", "function": "log_requests", "line": 45, "request_id": "6aaaca61-4928-4387-a349-7c99a62e9015"}
{"timestamp": "2026-02-01T06:05:56.981138Z", "level": "INFO", "logger": "app.main", "message": "request_completed", "module": "main", "function": "log_requests", "line": 63, "request_id": "6aaaca61-4928-4387-a349-7c99a62e9015", "latency_seconds": 0.002}
{"timestamp": "2026-02-01T06:05:56.995696Z", "level": "INFO", "logger": "app.main", "message": "request_started", "module": "main", "function": "log_requests", "line": 45, "request_id": "0f07f166-b570-4d0d-932e-558aa307b68a"}
{"timestamp": "2026-02-01T06:05:56.997982Z", "level": "INFO", "logger": "app.main", "message": "request_completed", "module": "main", "function": "log_requests", "line": 63, "request_id": "0f07f166-b570-4d0d-932e-558aa307b68a", "latency_seconds": 0.002}
{"timestamp": "2026-02-01T06:05:59.483726Z", "level": "INFO", "logger": "app.main", "message": "request_started", "module": "main", "function": "log_requests", "line": 45, "request_id": "d1de5c1f-29b2-4918-acf9-07dd0a92f53c"}
{"timestamp": "2026-02-01T06:05:59.485986Z", "level": "INFO", "logger": "app.main", "message": "request_completed", "module": "main", "function": "log_requests", "line": 63, "request_id": "d1de5c1f-29b2-4918-acf9-07dd0a92f53c", "latency_seconds": 0.001}
{"timestamp": "2026-02-01T06:05:59.497676Z", "level": "INFO", "logger": "app.main", "message": "request_started", "module": "main", "function": "log_requests", "line": 45, "request_id": "e5ac017e-d94b-42b9-8e4d-d18331980fec"}
{"timestamp": "2026-02-01T06:05:59.500728Z", "level": "INFO", "logger": "app.main", "message": "request_completed", "module": "main", "function": "log_requests", "line": 63, "request_id": "e5ac017e-d94b-42b9-8e4d-d18331980fec", "latency_seconds": 0.003}
{"timestamp": "2026-02-01T06:05:59.506789Z", "level": "INFO", "logger": "app.main", "message": "request_started", "module": "main", "function": "log_requests", "line": 45, "request_id": "621fbecb-2edf-4b7d-8b5a-92a9b7c88aca"}
{"timestamp": "2026-02-01T06:05:59.539466Z", "level": "INFO", "logger": "app.main", "message": "request_completed", "module": "main", "function": "log_requests", "line": 63, "request_id": "621fbecb-2edf-4b7d-8b5a-92a9b7c88aca", "latency_seconds": 0.033}
{"timestamp": "2026-02-01T06:06:34.940698Z", "level": "INFO", "logger": "app.main", "message": "request_started", "module": "main", "function": "log_requests", "line": 45, "request_id": "952ec581-48fa-4920-b131-569142d4d1f9"}
{"timestamp": "2026-02-01T06:06:34.942698Z", "level": "INFO", "logger": "app.main", "message": "request_completed", "module": "main", "function": "log_requests", "line": 63, "request_id": "952ec581-48fa-4920-b131-569142d4d1f9", "latency_seconds": 0.002}
{"timestamp": "2026-02-01T06:06:34.971161Z", "level": "INFO", "logger": "app.main", "message": "request_started", "module": "main", "function": "log_requests", "line": 45, "request_id": "550f8b1f-4f00-4aa0-a2c5-48fca3b25a92"}
{"timestamp": "2026-02-01T06:06:34.974653Z", "level": "INFO", "logger": "app.main", "message": "request_completed", "module": "main", "function": "log_requests", "line": 63, "request_id": "550f8b1f-4f00-4aa0-a2c5-48fca3b25a92", "latency_seconds": 0.002}
{"timestamp": "2026-02-01T06:08:31.808341Z", "level": "INFO", "logger": "app.main", "message": "request_started", "module": "main", "function": "log_requests", "line": 45, "request_id": "b7db54be-621f-4d26-80e8-bdb643b0dfb5"}
{"timestamp": "2026-02-01T06:08:31.809347Z", "level": "INFO", "logger": "app.main", "message": "request_completed", "module": "main", "function": "log_requests", "line": 63, "request_id": "b7db54be-621f-4d26-80e8-bdb643b0dfb5", "latency_seconds": 0.001}
{"timestamp": "2026-02-01T06:08:31.824888Z", "level": "INFO", "logger": "app.main", "message": "request_started", "module": "main", "function": "log_requests", "line": 45, "request_id": "17ebcc53-111d-4724-aa1b-601dc5af12b7"}
{"timestamp": "2026-02-01T06:08:31.826370Z", "level": "INFO", "logger": "app.main", "message": "request_completed", "module": "main", "function": "log_requests", "line": 63, "request_id": "17ebcc53-111d-4724-aa1b-601dc5af12b7", "latency_seconds": 0.001}
{"timestamp": "2026-02-01T06:08:34.439005Z", "level": "INFO", "logger": "app.main", "message": "request_started", "module": "main", "function": "log_requests", "line": 45, "request_id": "d3f42c4a-3e10-4969-b66c-64e0f0e5c539"}
{"timestamp": "2026-02-01T06:08:34.441284Z", "level": "INFO", "logger": "app.main", "message": "request_completed", "module": "main", "function": "log_requests", "line": 63, "request_id": "d3f42c4a-3e10-4969-b66c-64e0f0e5c539", "latency_seconds": 0.001}
{"timestamp": "2026-02-01T06:08:34.456913Z", "level": "INFO", "logger": "app.main", "message": "request_started", "module": "main", "function": "log_requests", "line": 45, "request_id": "79cd26b2-6930-400a-8b01-5daecfbe2e26"}
{"timestamp": "2026-02-01T06:08:34.457924Z", "level": "INFO", "logger": "app.main", "message": "request_completed", "module": "main", "function": "log_requests", "line": 63, "request_id": "79cd26b2-6930-400a-8b01-5daecfbe2e26", "latency_seconds": 0.001}
{"timestamp": "2026-02-01T06:08:34.464471Z", "level": "INFO", "logger": "app.main", "message": "request_started", "module": "main", "function": "log_requests", "line": 45, "request_id": "87a705a7-e604-4663-8be3-1079e22195fe"}
{"timestamp": "2026-02-01T06:08:34.498635Z", "level": "INFO", "logger": "app.main", "message": "request_completed", "module": "main", "function": "log_requests", "line": 63, "request_id": "87a705a7-e604-4663-8be3-1079e22195fe", "latency_seconds": 0.034}
{"timestamp": "2026-02-01T06:09:11.590958Z", "level": "INFO", "logger": "app.main", "message": "application_shutdown", "module": "main", "function": "shutdown_event", "line": 132}
